<?xml version="1.0" encoding="UTF-8"?>
<!-- Generated by org.testng.reporters.JUnitReportReporter -->
<testsuite skipped="0" hostname="DESKTOP-NCQP8K2" name="BustleGroup.Test.LoginTest" tests="4" failures="0" timestamp="2020-08-13T11:16:22 IST" time="32.697" errors="0">
  <testcase name="invalidLoginTest2" time="7.198" classname="BustleGroup.Test.LoginTest"/>
  <system-out/>
  <testcase name="invalidLoginTest1" time="13.520" classname="BustleGroup.Test.LoginTest"/>
  <system-out/>
  <testcase name="validLoginTest" time="6.667" classname="BustleGroup.Test.LoginTest"/>
  <system-out/>
  <testcase name="invalidLoginTest3" time="5.312" classname="BustleGroup.Test.LoginTest"/>
  <system-out/>
</testsuite> <!-- BustleGroup.Test.LoginTest -->
