<?xml version="1.0" encoding="UTF-8"?>
<!-- Generated by org.testng.reporters.JUnitReportReporter -->
<testsuite skipped="0" hostname="DESKTOP-NCQP8K2" name="Bustle.Test.SignUpTest" tests="5" failures="0" timestamp="2020-08-14T16:47:42 IST" time="44.750" errors="0">
  <testcase name="invalidSignUp2" time="8.151" classname="Bustle.Test.SignUpTest"/>
  <system-out/>
  <testcase name="verifySignUpPage" time="8.227" classname="Bustle.Test.SignUpTest"/>
  <system-out/>
  <testcase name="invalidSignUp3" time="8.690" classname="Bustle.Test.SignUpTest"/>
  <system-out/>
  <testcase name="duplicateSignUp" time="10.766" classname="Bustle.Test.SignUpTest"/>
  <system-out/>
  <testcase name="invalidSignUp1" time="8.916" classname="Bustle.Test.SignUpTest"/>
  <system-out/>
</testsuite> <!-- Bustle.Test.SignUpTest -->
