<?xml version="1.0" encoding="UTF-8"?>
<!-- Generated by org.testng.reporters.JUnitReportReporter -->
<testsuite skipped="0" hostname="DESKTOP-NCQP8K2" name="Bustle.Test.ForgotPasswordPageTest" tests="5" failures="0" timestamp="2020-08-14T16:47:42 IST" time="37.824" errors="0">
  <testcase name="emptyMailId" time="7.024" classname="Bustle.Test.ForgotPasswordPageTest"/>
  <system-out/>
  <testcase name="returnToLoginPage" time="8.128" classname="Bustle.Test.ForgotPasswordPageTest"/>
  <system-out/>
  <testcase name="verifyForgotPasswordPage" time="6.861" classname="Bustle.Test.ForgotPasswordPageTest"/>
  <system-out/>
  <testcase name="invalidMailId" time="7.958" classname="Bustle.Test.ForgotPasswordPageTest"/>
  <system-out/>
  <testcase name="validMailId" time="7.853" classname="Bustle.Test.ForgotPasswordPageTest"/>
  <system-out/>
</testsuite> <!-- Bustle.Test.ForgotPasswordPageTest -->
